<?xml version="1.0" encoding="UTF-8"?>
<!-- Generated by org.testng.reporters.JUnitReportReporter -->
<testsuite hostname="DESKTOP-VTBANGG" failures="0" tests="1" name="com.selenium.org.xpathsample" time="12.700" errors="0" timestamp="2022-05-20T12:32:00 GST" skipped="0">
  <testcase classname="com.selenium.org.xpathsample" name="execute" time="12.700"/>
  <system-out/>
</testsuite> <!-- com.selenium.org.xpathsample -->
