<?xml version="1.0" encoding="UTF-8"?>
<!-- Generated by org.testng.reporters.JUnitReportReporter -->
<testsuite hostname="DESKTOP-VTBANGG" failures="0" tests="1" name="com.selenium.org.asserttestng" time="66.749" errors="0" timestamp="2022-05-16T19:52:03 GST" skipped="0">
  <testcase classname="com.selenium.org.asserttestng" name="execute" time="66.749"/>
  <system-out/>
</testsuite> <!-- com.selenium.org.asserttestng -->
